#
# A fatal error has been detected by the Java Runtime Environment:
#
#  EXCEPTION_ACCESS_VIOLATION (0xc0000005) at pc=0x0647961a, pid=3008, tid=2896
#
# JRE version: 6.0_18-b07
# Java VM: Java HotSpot(TM) Client VM (16.0-b13 mixed mode, sharing windows-x86 )
# Problematic frame:
# C  [ig4icd32.dll+0x13961a]
#
# If you would like to submit a bug report, please visit:
#   http://java.sun.com/webapps/bugreport/crash.jsp
# The crash happened outside the Java Virtual Machine in native code.
# See problematic frame for where to report the bug.
#

---------------  T H R E A D  ---------------

Current thread (0x00379400):  JavaThread "main" [_thread_in_native, id=2896, stack(0x00380000,0x003d0000)]

siginfo: ExceptionCode=0xc0000005, reading address 0x000000e8

Registers:
EAX=0x06b8fda0, EBX=0x00000084, ECX=0x06a9007c, EDX=0x07c78f50
ESP=0x003cf764, EBP=0x00000000, ESI=0x06a9007c, EDI=0x002d1a70
EIP=0x0647961a, EFLAGS=0x00010202

Top of Stack: (sp=0x003cf764)
0x003cf764:   06a9007c 06a9027f 06a9007c 06a972dc
0x003cf774:   06a9007c 06a9007c 0638cff9 06a9007c
0x003cf784:   06b04b48 00000001 06a9007f 00080038
0x003cf794:   06843f00 00000000 06a9007c 003cf808
0x003cf7a4:   00000000 06449b1f 00379400 06a9007c
0x003cf7b4:   0644a624 003cf7f4 10008d6e 00000000
0x003cf7c4:   00000000 00000000 01b4ecde 00379510
0x003cf7d4:   003cf7f4 00000000 00000000 00000000 

Instructions: (pc=0x0647961a)
0x0647960a:   fc 75 00 00 8b a8 d4 00 00 00 8b 9e 0c 72 00 00
0x0647961a:   8b 8d e8 00 00 00 8b 96 80 73 00 00 8b 86 50 3e 


Stack: [0x00380000,0x003d0000],  sp=0x003cf764,  free space=13d003cf280k
Native frames: (J=compiled Java code, j=interpreted, Vv=VM code, C=native code)
C  [ig4icd32.dll+0x13961a]

[error occurred during error reporting (printing native stack), id 0xc0000005]

Java frames: (J=compiled Java code, j=interpreted, Vv=VM code)
J  org.lwjgl.opengl.GL11.nglVertex3f(FFFJ)V
J  org.newdawn.slick.opengl.renderer.ImmediateModeOGLRenderer.glVertex3f(FFF)V
j  org.newdawn.slick.Image.drawEmbedded(FFFFFFFFLorg/newdawn/slick/Color;)V+123
j  org.newdawn.slick.Image.drawEmbedded(FFFFFFFF)V+15
j  org.newdawn.slick.Image.draw(FFFFFFFFLorg/newdawn/slick/Color;)V+161
j  org.newdawn.slick.Image.draw(FFFFFFFF)V+17
j  org.newdawn.slick.Graphics.drawImage(Lorg/newdawn/slick/Image;FFFFFFFF)V+19
j  de.fhtrier.gdig.demos.jumpnrun.common.gamelogic.player.Player.preRender(Lorg/newdawn/slick/Graphics;)V+281
J  de.fhtrier.gdig.engine.gamelogic.Entity.renderImpl(Lorg/newdawn/slick/Graphics;Lorg/newdawn/slick/Image;)V
J  de.fhtrier.gdig.demos.jumpnrun.common.PlayingState.render(Lorg/newdawn/slick/GameContainer;Lorg/newdawn/slick/state/StateBasedGame;Lorg/newdawn/slick/Graphics;)V
J  org.newdawn.slick.state.StateBasedGame.render(Lorg/newdawn/slick/GameContainer;Lorg/newdawn/slick/Graphics;)V
J  org.newdawn.slick.GameContainer.updateAndRender(I)V
J  org.newdawn.slick.AppGameContainer.gameLoop()V
j  org.newdawn.slick.AppGameContainer.start()V+17
j  de.fhtrier.gdig.demos.jumpnrun.RGB4.main([Ljava/lang/String;)V+166
v  ~StubRoutines::call_stub

---------------  P R O C E S S  ---------------

Java Threads: ( => current thread )
  0x0443cc00 JavaThread "Thread-9" [_thread_in_native, id=1792, stack(0x08140000,0x08190000)]
  0x043a5000 JavaThread "Thread-8" daemon [_thread_in_native, id=508, stack(0x08fc0000,0x09010000)]
  0x04385000 JavaThread "TimerQueue" daemon [_thread_blocked, id=3068, stack(0x05e90000,0x05ee0000)]
  0x042bb800 JavaThread "AWT-EventQueue-0" [_thread_blocked, id=4936, stack(0x04490000,0x044e0000)]
  0x04244c00 JavaThread "AWT-Windows" daemon [_thread_in_native, id=4940, stack(0x04440000,0x04490000)]
  0x04241400 JavaThread "AWT-Shutdown" [_thread_blocked, id=2072, stack(0x04170000,0x041c0000)]
  0x01a4f800 JavaThread "Java2D Disposer" daemon [_thread_blocked, id=5284, stack(0x04000000,0x04050000)]
  0x01a48c00 JavaThread "Thread-3" [_thread_in_native, id=3744, stack(0x03fb0000,0x04000000)]
  0x01a48400 JavaThread "Thread-2" [_thread_in_native, id=5228, stack(0x03e50000,0x03ea0000)]
  0x019d9400 JavaThread "Low Memory Detector" daemon [_thread_blocked, id=908, stack(0x03d40000,0x03d90000)]
  0x019ccc00 JavaThread "CompilerThread0" daemon [_thread_blocked, id=3908, stack(0x03cf0000,0x03d40000)]
  0x019c7c00 JavaThread "Attach Listener" daemon [_thread_blocked, id=276, stack(0x03ca0000,0x03cf0000)]
  0x019c4c00 JavaThread "Signal Dispatcher" daemon [_thread_blocked, id=4192, stack(0x03c50000,0x03ca0000)]
  0x01986000 JavaThread "Finalizer" daemon [_thread_blocked, id=2888, stack(0x03c00000,0x03c50000)]
  0x01981800 JavaThread "Reference Handler" daemon [_thread_blocked, id=5688, stack(0x03bb0000,0x03c00000)]
=>0x00379400 JavaThread "main" [_thread_in_native, id=2896, stack(0x00380000,0x003d0000)]

Other Threads:
  0x01980400 VMThread [stack: 0x03b60000,0x03bb0000] [id=3944]
  0x019e2c00 WatcherThread [stack: 0x03d90000,0x03de0000] [id=3244]

VM state:not at safepoint (normal execution)

VM Mutex/Monitor currently owned by a thread: None

Heap
 def new generation   total 4928K, used 2423K [0x23680000, 0x23bd0000, 0x28bd0000)
  eden space 4416K,  54% used [0x23680000, 0x238ddc70, 0x23ad0000)
  from space 512K,   0% used [0x23ad0000, 0x23ad0340, 0x23b50000)
  to   space 512K,   0% used [0x23b50000, 0x23b50000, 0x23bd0000)
 tenured generation   total 10944K, used 2402K [0x28bd0000, 0x29680000, 0x33680000)
   the space 10944K,  21% used [0x28bd0000, 0x28e288b0, 0x28e28a00, 0x29680000)
 compacting perm gen  total 12288K, used 3757K [0x33680000, 0x34280000, 0x37680000)
   the space 12288K,  30% used [0x33680000, 0x33a2b7a8, 0x33a2b800, 0x34280000)
    ro space 10240K,  54% used [0x37680000, 0x37bf8290, 0x37bf8400, 0x38080000)
    rw space 12288K,  55% used [0x38080000, 0x3871d1c0, 0x3871d200, 0x38c80000)

Dynamic libraries:
0x00400000 - 0x00424000 	C:\Program Files\Java\jdk1.6.0_18\bin\javaw.exe
0x77460000 - 0x7759c000 	C:\Windows\SYSTEM32\ntdll.dll
0x75b80000 - 0x75c54000 	C:\Windows\system32\kernel32.dll
0x75630000 - 0x7567a000 	C:\Windows\system32\KERNELBASE.dll
0x76240000 - 0x762e0000 	C:\Windows\system32\ADVAPI32.dll
0x76350000 - 0x763fc000 	C:\Windows\system32\msvcrt.dll
0x76220000 - 0x76239000 	C:\Windows\SYSTEM32\sechost.dll
0x76400000 - 0x764a1000 	C:\Windows\system32\RPCRT4.dll
0x75d40000 - 0x75e09000 	C:\Windows\system32\USER32.dll
0x77630000 - 0x7767e000 	C:\Windows\system32\GDI32.dll
0x76340000 - 0x7634a000 	C:\Windows\system32\LPK.dll
0x75fe0000 - 0x7607d000 	C:\Windows\system32\USP10.dll
0x75b60000 - 0x75b7f000 	C:\Windows\system32\IMM32.DLL
0x75ec0000 - 0x75f8c000 	C:\Windows\system32\MSCTF.dll
0x7c340000 - 0x7c396000 	C:\Program Files\Java\jdk1.6.0_18\jre\bin\msvcr71.dll
0x6d8b0000 - 0x6db47000 	C:\Program Files\Java\jdk1.6.0_18\jre\bin\client\jvm.dll
0x73b30000 - 0x73b62000 	C:\Windows\system32\WINMM.dll
0x754e0000 - 0x7552b000 	C:\Windows\system32\apphelp.dll
0x6d860000 - 0x6d86c000 	C:\Program Files\Java\jdk1.6.0_18\jre\bin\verify.dll
0x6d3e0000 - 0x6d3ff000 	C:\Program Files\Java\jdk1.6.0_18\jre\bin\java.dll
0x6d340000 - 0x6d348000 	C:\Program Files\Java\jdk1.6.0_18\jre\bin\hpi.dll
0x75e10000 - 0x75e15000 	C:\Windows\system32\PSAPI.DLL
0x6d8a0000 - 0x6d8af000 	C:\Program Files\Java\jdk1.6.0_18\jre\bin\zip.dll
0x6d0b0000 - 0x6d1fa000 	C:\Program Files\Java\jdk1.6.0_18\jre\bin\awt.dll
0x711c0000 - 0x71211000 	C:\Windows\system32\WINSPOOL.DRV
0x77100000 - 0x7725c000 	C:\Windows\system32\ole32.dll
0x74270000 - 0x7440e000 	C:\Windows\WinSxS\x86_microsoft.windows.common-controls_6595b64144ccf1df_6.0.7600.16385_none_421189da2b7fabfc\COMCTL32.dll
0x75c60000 - 0x75cb7000 	C:\Windows\system32\SHLWAPI.dll
0x6d6c0000 - 0x6d6d3000 	C:\Program Files\Java\jdk1.6.0_18\jre\bin\net.dll
0x759e0000 - 0x75a15000 	C:\Windows\system32\WS2_32.dll
0x75e20000 - 0x75e26000 	C:\Windows\system32\NSI.dll
0x74ff0000 - 0x7502c000 	C:\Windows\system32\mswsock.dll
0x74fe0000 - 0x74fe6000 	C:\Windows\System32\wship6.dll
0x73950000 - 0x7396c000 	C:\Windows\system32\iphlpapi.dll
0x73940000 - 0x73947000 	C:\Windows\system32\WINNSI.DLL
0x734b0000 - 0x734c2000 	C:\Windows\system32\dhcpcsvc.DLL
0x734a0000 - 0x734ad000 	C:\Windows\system32\dhcpcsvc6.DLL
0x74b40000 - 0x74b45000 	C:\Windows\System32\wshtcpip.dll
0x73d30000 - 0x73d43000 	C:\Windows\system32\DWMAPI.DLL
0x74440000 - 0x74480000 	C:\Windows\system32\uxtheme.dll
0x75530000 - 0x7553c000 	C:\Windows\system32\CRYPTBASE.dll
0x764b0000 - 0x770f9000 	C:\Windows\system32\shell32.dll
0x6d2e0000 - 0x6d334000 	C:\Program Files\Java\jdk1.6.0_18\jre\bin\fontmanager.dll
0x6d6e0000 - 0x6d6e9000 	C:\Program Files\Java\jdk1.6.0_18\jre\bin\nio.dll
0x10000000 - 0x10047000 	D:\Gdig\dev\repos\rgb4\ext\lib\native\lwjgl.dll
0x044e0000 - 0x045a8000 	C:\Windows\system32\OPENGL32.dll
0x73770000 - 0x73792000 	C:\Windows\system32\GLU32.dll
0x69210000 - 0x692f7000 	C:\Windows\system32\DDRAW.dll
0x74250000 - 0x74256000 	C:\Windows\system32\DCIMAN32.dll
0x76080000 - 0x7621d000 	C:\Windows\system32\SETUPAPI.dll
0x75880000 - 0x758a7000 	C:\Windows\system32\CFGMGR32.dll
0x775a0000 - 0x7762f000 	C:\Windows\system32\OLEAUT32.dll
0x75710000 - 0x75722000 	C:\Windows\system32\DEVOBJ.dll
0x74ab0000 - 0x74ab9000 	C:\Windows\system32\VERSION.dll
0x75e30000 - 0x75eb3000 	C:\Windows\system32\CLBCatQ.DLL
0x06340000 - 0x06732000 	C:\Windows\system32\ig4icd32.dll
0x067f0000 - 0x06a8a000 	C:\Windows\system32\ig4dev32.dll
0x6ef90000 - 0x6f009000 	C:\Windows\system32\mscms.dll
0x74c10000 - 0x74c27000 	C:\Windows\system32\USERENV.dll
0x755b0000 - 0x755bb000 	C:\Windows\system32\profapi.dll
0x6bfc0000 - 0x6bff8000 	C:\Windows\system32\icm32.dll
0x05ee0000 - 0x05ef3000 	D:\Gdig\dev\repos\rgb4\ext\lib\native\jinput-dx8.dll
0x737a0000 - 0x737d0000 	C:\Windows\system32\DINPUT8.dll
0x73d60000 - 0x73d69000 	C:\Windows\system32\HID.DLL
0x75730000 - 0x7575d000 	C:\Windows\system32\WINTRUST.dll
0x75760000 - 0x7587c000 	C:\Windows\system32\CRYPT32.dll
0x75620000 - 0x7562c000 	C:\Windows\system32\MSASN1.dll
0x05f20000 - 0x05f32000 	D:\Gdig\dev\repos\rgb4\ext\lib\native\jinput-raw.dll

VM Arguments:
jvm_args: -Djava.library.path=D:\Gdig\dev\repos\rgb4\ext\lib\native;D:\Gdig\dev\repos\rgb4\ext\lib\native -Dfile.encoding=UTF-8 
java_command: de.fhtrier.gdig.demos.jumpnrun.RGB4 --noFBO --Server --Port 4999
Launcher Type: SUN_STANDARD

Environment Variables:
CLASSPATH=.;C:\Program Files\Java\jre6\lib\ext\QTJava.zip
PATH=C:/Program Files/Java/jre6/bin/client;C:/Program Files/Java/jre6/bin;C:/Program Files/Java/jre6/lib/i386;C:\Program Files\MiKTeX 2.8\miktex\bin;c:\devkitPro\msys\bin;C:\Windows\system32;C:\Windows;C:\Windows\System32\Wbem;C:\Windows\System32\WindowsPowerShell\v1.0\;C:\Program Files\Microsoft SQL Server\90\Tools\binn\;C:\Program Files\QuickTime\QTSystem\;C:\Program Files\GNU\GnuPG\pub;C:\Program Files\SlikSvn\bin\;D:\path\;C:\Program Files\Microsoft Windows Performance Toolkit\;C:\Program Files\Windows Imaging\;C:\Program Files\Git\cmd
USERNAME=Loki
OS=Windows_NT
PROCESSOR_IDENTIFIER=x86 Family 6 Model 15 Stepping 13, GenuineIntel



---------------  S Y S T E M  ---------------

OS: Windows 7 Build 7600 

CPU:total 2 (2 cores per cpu, 1 threads per core) family 6 model 15 stepping 13, cmov, cx8, fxsr, mmx, sse, sse2, sse3, ssse3

Memory: 4k page, physical 2088248k(666712k free), swap 4176496k(1939736k free)

vm_info: Java HotSpot(TM) Client VM (16.0-b13) for windows-x86 JRE (1.6.0_18-b07), built on Dec 17 2009 13:35:55 by "java_re" with MS VC++ 7.1 (VS2003)

time: Thu Sep 09 12:25:41 2010
elapsed time: 9 seconds

